<?xml version="1.0" encoding="UTF-8"?>
<testng-results ignored="5" total="6" passed="1" failed="0" skipped="0">
  <reporter-output>
  </reporter-output>
  <suite started-at="2023-08-27T01:14:01 IST" name="Default suite" finished-at="2023-08-27T01:14:42 IST" duration-ms="40728">
    <groups>
    </groups>
    <test started-at="2023-08-27T01:14:01 IST" name="Default test" finished-at="2023-08-27T01:14:42 IST" duration-ms="40728">
      <class name="boards.info.trello.testcases.TestCases">
        <test-method is-config="true" signature="configBeforeMethod()[pri:0, instance:boards.info.trello.testcases.TestCases@4567f35d]" started-at="2023-08-27T01:14:01 IST" name="configBeforeMethod" finished-at="2023-08-27T01:14:11 IST" duration-ms="9852" status="PASS">
          <reporter-output>
          </reporter-output>
        </test-method> <!-- configBeforeMethod -->
        <test-method signature="trelloBoardPageCheck()[pri:0, instance:boards.info.trello.testcases.TestCases@4567f35d]" started-at="2023-08-27T01:14:11 IST" name="trelloBoardPageCheck" finished-at="2023-08-27T01:14:41 IST" duration-ms="30380" status="PASS">
          <reporter-output>
          </reporter-output>
        </test-method> <!-- trelloBoardPageCheck -->
        <test-method is-config="true" signature="configAfterMethod()[pri:0, instance:boards.info.trello.testcases.TestCases@4567f35d]" started-at="2023-08-27T01:14:41 IST" name="configAfterMethod" finished-at="2023-08-27T01:14:42 IST" duration-ms="464" status="PASS">
          <reporter-output>
          </reporter-output>
        </test-method> <!-- configAfterMethod -->
      </class> <!-- boards.info.trello.testcases.TestCases -->
    </test> <!-- Default test -->
  </suite> <!-- Default suite -->
</testng-results>
