<?xml version="1.0" encoding="UTF-8"?>
<!-- Generated by org.testng.reporters.JUnitXMLReporter -->
<testsuite ignored="4" hostname="MAYUR" failures="0" tests="1" name="Default test" time="45.649" errors="0" timestamp="2023-08-30T00:50:04 IST">
  <testcase classname="boards.info.trello.testcases.TrelloTestCases" name="trelloHomePageCheck" time="0.927"/>
  <testcase classname="boards.info.trello.testcases.TrelloTestCases" name="trelloCreateMultipleListAndSwapInCreatedBoard" time="0.0">
    <ignored/>
  </testcase> <!-- trelloCreateMultipleListAndSwapInCreatedBoard -->
  <testcase classname="boards.info.trello.testcases.TrelloTestCases" name="trelloLoginPageCheck" time="0.0">
    <ignored/>
  </testcase> <!-- trelloLoginPageCheck -->
  <testcase classname="boards.info.trello.testcases.TrelloTestCases" name="trelloCreateAndDeleteBoard" time="0.0">
    <ignored/>
  </testcase> <!-- trelloCreateAndDeleteBoard -->
  <testcase classname="boards.info.trello.testcases.TrelloTestCases" name="trelloBoardPageCheck" time="0.0">
    <ignored/>
  </testcase> <!-- trelloBoardPageCheck -->
</testsuite> <!-- Default test -->
