<?xml version="1.0" encoding="UTF-8"?>
<!-- Generated by org.testng.reporters.JUnitXMLReporter -->
<testsuite ignored="5" hostname="MAYUR" failures="0" tests="1" name="Default test" time="40.728" errors="0" timestamp="2023-08-27T01:14:42 IST">
  <testcase classname="boards.info.trello.testcases.TestCases" name="trelloBoardPageCheck" time="30.38"/>
  <testcase classname="boards.info.trello.testcases.TestCases" name="trelloCreateMultipleListAndSwapInCreatedBoard" time="0.0">
    <ignored/>
  </testcase> <!-- trelloCreateMultipleListAndSwapInCreatedBoard -->
  <testcase classname="boards.info.trello.testcases.TestCases" name="trelloCreateMultipleListInCreatedBoard" time="0.0">
    <ignored/>
  </testcase> <!-- trelloCreateMultipleListInCreatedBoard -->
  <testcase classname="boards.info.trello.testcases.TestCases" name="trelloCreateAndDeleteBoard" time="0.0">
    <ignored/>
  </testcase> <!-- trelloCreateAndDeleteBoard -->
  <testcase classname="boards.info.trello.testcases.TestCases" name="trelloHomePageCheck" time="0.0">
    <ignored/>
  </testcase> <!-- trelloHomePageCheck -->
  <testcase classname="boards.info.trello.testcases.TestCases" name="trelloLoginPageCheck" time="0.0">
    <ignored/>
  </testcase> <!-- trelloLoginPageCheck -->
</testsuite> <!-- Default test -->
