<?xml version="1.0" encoding="UTF-8"?>
<!-- Generated by org.testng.reporters.JUnitXMLReporter -->
<testsuite ignored="0" hostname="MAYUR" failures="0" tests="5" name="chromeTest" time="114.851" errors="0" timestamp="2023-08-27T13:23:28 IST">
  <testcase classname="boards.info.trello.testcases.TestCases" name="trelloBoardPageCheck" time="23.9"/>
  <testcase classname="boards.info.trello.testcases.TestCases" name="trelloCreateAndDeleteBoard" time="35.819"/>
  <testcase classname="boards.info.trello.testcases.TestCases" name="trelloCreateMultipleListAndSwapInCreatedBoard" time="36.012"/>
  <testcase classname="boards.info.trello.testcases.TestCases" name="trelloHomePageCheck" time="0.035"/>
  <testcase classname="boards.info.trello.testcases.TestCases" name="trelloLoginPageCheck" time="1.593"/>
</testsuite> <!-- chromeTest -->
