<?xml version="1.0" encoding="UTF-8"?>
<!-- Generated by org.testng.reporters.JUnitXMLReporter -->
<testsuite ignored="0" hostname="MAYUR" failures="0" tests="5" name="edgeTest" time="118.26" errors="0" timestamp="2023-08-27T13:23:32 IST">
  <testcase classname="boards.info.trello.testcases.TestCases" name="trelloBoardPageCheck" time="27.519"/>
  <testcase classname="boards.info.trello.testcases.TestCases" name="trelloCreateAndDeleteBoard" time="37.904"/>
  <testcase classname="boards.info.trello.testcases.TestCases" name="trelloCreateMultipleListAndSwapInCreatedBoard" time="34.841"/>
  <testcase classname="boards.info.trello.testcases.TestCases" name="trelloHomePageCheck" time="0.033"/>
  <testcase classname="boards.info.trello.testcases.TestCases" name="trelloLoginPageCheck" time="1.287"/>
</testsuite> <!-- edgeTest -->
